2025-04-23 07:55:18,669 INFO     Getting TheBazaar.exe process...
2025-04-23 07:55:18,855 INFO     Got TheBazaar.exe process, psutil.Process(pid=11444, name='TheBazaar.exe', status='running', started='07:27:29'), getting main window...
2025-04-23 07:55:18,856 INFO     Got TheBazaar.exe window.
2025-04-23 07:55:18,856 INFO     Waiting for TheBazaar.exe window to become the foreground window
2025-04-23 07:55:18,856 INFO     Window not in foreground
2025-04-23 07:55:18,857 INFO     Could not take screenshot
2025-04-23 07:55:19,858 INFO     Getting TheBazaar.exe process...
2025-04-23 07:55:19,865 INFO     Got TheBazaar.exe process, psutil.Process(pid=11444, name='TheBazaar.exe', status='running', started='07:27:29'), getting main window...
2025-04-23 07:55:19,972 INFO     Got TheBazaar.exe window.
2025-04-23 07:55:19,973 INFO     Waiting for TheBazaar.exe window to become the foreground window
2025-04-23 07:55:19,973 INFO     Window not in foreground
2025-04-23 07:55:19,973 INFO     Could not take screenshot
2025-04-23 07:55:20,974 INFO     Getting TheBazaar.exe process...
2025-04-23 07:55:20,981 INFO     Got TheBazaar.exe process, psutil.Process(pid=11444, name='TheBazaar.exe', status='running', started='07:27:29'), getting main window...
2025-04-23 07:55:20,981 INFO     Got TheBazaar.exe window.
2025-04-23 07:55:20,982 INFO     Waiting for TheBazaar.exe window to become the foreground window
2025-04-23 07:55:20,982 INFO     Window not in foreground
2025-04-23 07:55:20,982 INFO     Could not take screenshot
2025-04-23 07:55:21,983 INFO     Getting TheBazaar.exe process...
2025-04-23 07:55:21,992 INFO     Got TheBazaar.exe process, psutil.Process(pid=11444, name='TheBazaar.exe', status='running', started='07:27:29'), getting main window...
2025-04-23 07:55:21,992 INFO     Got TheBazaar.exe window.
2025-04-23 07:55:21,992 INFO     Waiting for TheBazaar.exe window to become the foreground window
2025-04-23 07:55:21,994 INFO     Window not in foreground
2025-04-23 07:55:21,994 INFO     Could not take screenshot
2025-04-23 07:55:22,994 INFO     Getting TheBazaar.exe process...
2025-04-23 07:55:23,000 INFO     Got TheBazaar.exe process, psutil.Process(pid=11444, name='TheBazaar.exe', status='running', started='07:27:29'), getting main window...
2025-04-23 07:55:23,000 INFO     Got TheBazaar.exe window.
2025-04-23 07:55:23,001 INFO     Waiting for TheBazaar.exe window to become the foreground window
2025-04-23 07:55:23,001 INFO     Taking screenshot...
2025-04-23 07:55:23,025 INFO     Saving screenshot to C:\Users\johnm\repos\baugar\client\screenshot_4.png
2025-04-23 07:55:23,238 INFO     Screenshot saved to C:\Users\johnm\repos\baugar\client\screenshot_4.png
2025-04-23 07:55:23,716 INFO     REPORT BUG

Version: 1.0.3748
2025-04-23 07:55:24,717 INFO     Getting TheBazaar.exe process...
2025-04-23 07:55:24,724 INFO     Got TheBazaar.exe process, psutil.Process(pid=11444, name='TheBazaar.exe', status='running', started='07:27:29'), getting main window...
2025-04-23 07:55:24,738 INFO     Got TheBazaar.exe window.
2025-04-23 07:55:24,738 INFO     Waiting for TheBazaar.exe window to become the foreground window
2025-04-23 07:55:24,739 INFO     Window not in foreground
2025-04-23 07:55:24,739 INFO     Could not take screenshot
2025-04-23 07:55:25,741 INFO     Getting TheBazaar.exe process...
2025-04-23 07:55:25,747 INFO     Got TheBazaar.exe process, psutil.Process(pid=11444, name='TheBazaar.exe', status='running', started='07:27:29'), getting main window...
2025-04-23 07:55:25,748 INFO     Got TheBazaar.exe window.
2025-04-23 07:55:25,748 INFO     Waiting for TheBazaar.exe window to become the foreground window
2025-04-23 07:55:25,748 INFO     Window not in foreground
2025-04-23 07:55:25,748 INFO     Could not take screenshot
2025-04-23 07:55:26,749 INFO     Getting TheBazaar.exe process...
2025-04-23 07:55:26,760 INFO     Got TheBazaar.exe process, psutil.Process(pid=11444, name='TheBazaar.exe', status='running', started='07:27:29'), getting main window...
2025-04-23 07:55:26,760 INFO     Got TheBazaar.exe window.
2025-04-23 07:55:26,761 INFO     Waiting for TheBazaar.exe window to become the foreground window
2025-04-23 07:55:26,761 INFO     Window not in foreground
2025-04-23 07:55:26,761 INFO     Could not take screenshot
2025-04-23 07:55:27,762 INFO     Getting TheBazaar.exe process...
2025-04-23 07:55:27,768 INFO     Got TheBazaar.exe process, psutil.Process(pid=11444, name='TheBazaar.exe', status='running', started='07:27:29'), getting main window...
2025-04-23 07:55:27,768 INFO     Got TheBazaar.exe window.
2025-04-23 07:55:27,768 INFO     Waiting for TheBazaar.exe window to become the foreground window
2025-04-23 07:55:27,769 INFO     Window not in foreground
2025-04-23 07:55:27,769 INFO     Could not take screenshot
2025-04-23 07:55:28,361 INFO     Aborted by user.
